111212 19:26:23 [Note] Plugin 'FEDERATED' is disabled.
111212 19:26:24 InnoDB: The InnoDB memory heap is disabled
111212 19:26:24 InnoDB: Mutexes and rw_locks use Windows interlocked functions
111212 19:26:24 InnoDB: Compressed tables use zlib 1.2.3
111212 19:26:24 InnoDB: Initializing buffer pool, size = 128.0M
111212 19:26:24 InnoDB: Completed initialization of buffer pool
InnoDB: The first specified data file .\ibdata1 did not exist:
InnoDB: a new database to be created!
111212 19:26:24  InnoDB: Setting file .\ibdata1 size to 10 MB
InnoDB: Database physically writes the file full: wait...
111212 19:26:24  InnoDB: Log file .\ib_logfile0 did not exist: new to be created
InnoDB: Setting log file .\ib_logfile0 size to 5 MB
InnoDB: Database physically writes the file full: wait...
111212 19:26:24  InnoDB: Log file .\ib_logfile1 did not exist: new to be created
InnoDB: Setting log file .\ib_logfile1 size to 5 MB
InnoDB: Database physically writes the file full: wait...
InnoDB: Doublewrite buffer not found: creating new
InnoDB: Doublewrite buffer created
InnoDB: 127 rollback segment(s) active.
InnoDB: Creating foreign key constraint system tables
InnoDB: Foreign key constraint system tables created
111212 19:26:26  InnoDB: Waiting for the background threads to start
111212 19:26:27 InnoDB: 1.1.8 started; log sequence number 0
111212 19:26:28 [Note] Event Scheduler: Loaded 0 events
111212 19:26:28 [Note] C:\DirtyLion\mysql\bin\mysqld.exe: ready for connections.
Version: '5.5.19'  socket: ''  port: 3306  MySQL Community Server (GPL)
111212 19:26:52 [Note] Plugin 'FEDERATED' is disabled.
111212 19:26:52 InnoDB: The InnoDB memory heap is disabled
111212 19:26:52 InnoDB: Mutexes and rw_locks use Windows interlocked functions
111212 19:26:52 InnoDB: Compressed tables use zlib 1.2.3
111212 19:26:52 InnoDB: Initializing buffer pool, size = 128.0M
111212 19:26:52 InnoDB: Completed initialization of buffer pool
111212 19:26:52 InnoDB: highest supported file format is Barracuda.
InnoDB: The log sequence number in ibdata files does not match
InnoDB: the log sequence number in the ib_logfiles!
111212 19:26:52  InnoDB: Database was not shut down normally!
InnoDB: Starting crash recovery.
InnoDB: Reading tablespace information from the .ibd files...
InnoDB: Restoring possible half-written data pages from the doublewrite
InnoDB: buffer...
111212 19:26:53  InnoDB: Waiting for the background threads to start
111212 19:26:54 InnoDB: 1.1.8 started; log sequence number 1595675
111212 19:26:54 [Note] Event Scheduler: Loaded 0 events
111212 19:26:54 [Note] C:\DirtyLion\mysql\bin\mysqld.exe: ready for connections.
Version: '5.5.19'  socket: ''  port: 3306  MySQL Community Server (GPL)
111212 20:22:44 [Note] Plugin 'FEDERATED' is disabled.
111212 20:22:44 InnoDB: The InnoDB memory heap is disabled
111212 20:22:44 InnoDB: Mutexes and rw_locks use Windows interlocked functions
111212 20:22:44 InnoDB: Compressed tables use zlib 1.2.3
111212 20:22:44 InnoDB: Initializing buffer pool, size = 128.0M
111212 20:22:44 InnoDB: Completed initialization of buffer pool
111212 20:22:44 InnoDB: highest supported file format is Barracuda.
InnoDB: The log sequence number in ibdata files does not match
InnoDB: the log sequence number in the ib_logfiles!
111212 20:22:44  InnoDB: Database was not shut down normally!
InnoDB: Starting crash recovery.
InnoDB: Reading tablespace information from the .ibd files...
InnoDB: Restoring possible half-written data pages from the doublewrite
InnoDB: buffer...
111212 20:22:45  InnoDB: Waiting for the background threads to start
111212 20:22:46 InnoDB: 1.1.8 started; log sequence number 1621559
111212 20:22:46 [Note] Event Scheduler: Loaded 0 events
111212 20:22:46 [Note] C:\DirtyLion\mysql\bin\mysqld.exe: ready for connections.
Version: '5.5.19'  socket: ''  port: 3306  MySQL Community Server (GPL)
111212 20:47:00 [Note] Plugin 'FEDERATED' is disabled.
111212 20:47:01 InnoDB: The InnoDB memory heap is disabled
111212 20:47:01 InnoDB: Mutexes and rw_locks use Windows interlocked functions
111212 20:47:01 InnoDB: Compressed tables use zlib 1.2.3
111212 20:47:01 InnoDB: Initializing buffer pool, size = 128.0M
111212 20:47:01 InnoDB: Completed initialization of buffer pool
111212 20:47:01 InnoDB: highest supported file format is Barracuda.
InnoDB: The log sequence number in ibdata files does not match
InnoDB: the log sequence number in the ib_logfiles!
111212 20:47:01  InnoDB: Database was not shut down normally!
InnoDB: Starting crash recovery.
InnoDB: Reading tablespace information from the .ibd files...
InnoDB: Restoring possible half-written data pages from the doublewrite
InnoDB: buffer...
111212 20:47:01  InnoDB: Waiting for the background threads to start
111212 20:47:02 InnoDB: 1.1.8 started; log sequence number 1621559
111212 20:47:02 [Note] Event Scheduler: Loaded 0 events
111212 20:47:02 [Note] mysqld: ready for connections.
Version: '5.5.19'  socket: ''  port: 3306  MySQL Community Server (GPL)
111213 12:11:21 [Note] Plugin 'FEDERATED' is disabled.
111213 12:11:21 InnoDB: The InnoDB memory heap is disabled
111213 12:11:21 InnoDB: Mutexes and rw_locks use Windows interlocked functions
111213 12:11:21 InnoDB: Compressed tables use zlib 1.2.3
111213 12:11:21 InnoDB: Initializing buffer pool, size = 128.0M
111213 12:11:21 InnoDB: Completed initialization of buffer pool
111213 12:11:21 InnoDB: highest supported file format is Barracuda.
InnoDB: The log sequence number in ibdata files does not match
InnoDB: the log sequence number in the ib_logfiles!
111213 12:11:21  InnoDB: Database was not shut down normally!
InnoDB: Starting crash recovery.
InnoDB: Reading tablespace information from the .ibd files...
InnoDB: Restoring possible half-written data pages from the doublewrite
InnoDB: buffer...
111213 12:11:22  InnoDB: Waiting for the background threads to start
111213 12:11:23 InnoDB: 1.1.8 started; log sequence number 1621569
111213 12:11:23 [Note] Event Scheduler: Loaded 0 events
111213 12:11:23 [Note] C:\DirtyLion\mysql\bin\mysqld: ready for connections.
Version: '5.5.19'  socket: ''  port: 3306  MySQL Community Server (GPL)
111213 12:13:49 [Note] Plugin 'FEDERATED' is disabled.
111213 12:13:49 InnoDB: The InnoDB memory heap is disabled
111213 12:13:49 InnoDB: Mutexes and rw_locks use Windows interlocked functions
111213 12:13:49 InnoDB: Compressed tables use zlib 1.2.3
111213 12:13:49 InnoDB: Initializing buffer pool, size = 128.0M
111213 12:13:49 InnoDB: Completed initialization of buffer pool
111213 12:13:49  InnoDB: Operating system error number 32 in a file operation.
InnoDB: The error means that another program is using InnoDB's files.
InnoDB: This might be a backup or antivirus software or another instance
InnoDB: of MySQL. Please close it to get rid of this error.
111213 12:14:11 [Note] Plugin 'FEDERATED' is disabled.
111213 12:14:11 InnoDB: The InnoDB memory heap is disabled
111213 12:14:11 InnoDB: Mutexes and rw_locks use Windows interlocked functions
111213 12:14:11 InnoDB: Compressed tables use zlib 1.2.3
111213 12:14:11 InnoDB: Initializing buffer pool, size = 128.0M
111213 12:14:11 InnoDB: Completed initialization of buffer pool
111213 12:14:11 InnoDB: highest supported file format is Barracuda.
InnoDB: The log sequence number in ibdata files does not match
InnoDB: the log sequence number in the ib_logfiles!
111213 12:14:11  InnoDB: Database was not shut down normally!
InnoDB: Starting crash recovery.
InnoDB: Reading tablespace information from the .ibd files...
InnoDB: Restoring possible half-written data pages from the doublewrite
InnoDB: buffer...
111213 12:14:12  InnoDB: Waiting for the background threads to start
111213 12:14:13 InnoDB: 1.1.8 started; log sequence number 1621569
111213 12:14:13 [Note] Event Scheduler: Loaded 0 events
111213 12:14:13 [Note] C:\DirtyLion\mysql\bin\mysqld: ready for connections.
Version: '5.5.19'  socket: ''  port: 3306  MySQL Community Server (GPL)
111213 12:15:14 [Note] Plugin 'FEDERATED' is disabled.
111213 12:15:14 InnoDB: The InnoDB memory heap is disabled
111213 12:15:14 InnoDB: Mutexes and rw_locks use Windows interlocked functions
111213 12:15:14 InnoDB: Compressed tables use zlib 1.2.3
111213 12:15:14 InnoDB: Initializing buffer pool, size = 128.0M
111213 12:15:14 InnoDB: Completed initialization of buffer pool
111213 12:15:14  InnoDB: Operating system error number 32 in a file operation.
InnoDB: The error means that another program is using InnoDB's files.
InnoDB: This might be a backup or antivirus software or another instance
InnoDB: of MySQL. Please close it to get rid of this error.
111213 12:15:24 [Note] Plugin 'FEDERATED' is disabled.
111213 12:15:24 InnoDB: The InnoDB memory heap is disabled
111213 12:15:24 InnoDB: Mutexes and rw_locks use Windows interlocked functions
111213 12:15:24 InnoDB: Compressed tables use zlib 1.2.3
111213 12:15:24 InnoDB: Initializing buffer pool, size = 128.0M
111213 12:15:24 InnoDB: Completed initialization of buffer pool
111213 12:15:25 InnoDB: highest supported file format is Barracuda.
InnoDB: The log sequence number in ibdata files does not match
InnoDB: the log sequence number in the ib_logfiles!
111213 12:15:25  InnoDB: Database was not shut down normally!
InnoDB: Starting crash recovery.
InnoDB: Reading tablespace information from the .ibd files...
InnoDB: Restoring possible half-written data pages from the doublewrite
InnoDB: buffer...
111213 12:15:25  InnoDB: Waiting for the background threads to start
111213 12:15:26 InnoDB: 1.1.8 started; log sequence number 1621569
111213 12:15:26 [Note] Event Scheduler: Loaded 0 events
111213 12:15:26 [Note] C:\DirtyLion\mysql\bin\mysqld: ready for connections.
Version: '5.5.19'  socket: ''  port: 3306  MySQL Community Server (GPL)
111213 12:18:07 [Note] C:\DirtyLion\mysql\bin\mysqld: Normal shutdown

111213 12:18:07 [Note] Event Scheduler: Purging the queue. 0 events
111213 12:18:07  InnoDB: Starting shutdown...
111213 12:18:07  InnoDB: Shutdown completed; log sequence number 1621569
111213 12:18:07 [Note] C:\DirtyLion\mysql\bin\mysqld: Shutdown complete

111213 12:18:33 [Note] Plugin 'FEDERATED' is disabled.
111213 12:18:33 InnoDB: The InnoDB memory heap is disabled
111213 12:18:33 InnoDB: Mutexes and rw_locks use Windows interlocked functions
111213 12:18:33 InnoDB: Compressed tables use zlib 1.2.3
111213 12:18:33 InnoDB: Initializing buffer pool, size = 128.0M
111213 12:18:33 InnoDB: Completed initialization of buffer pool
111213 12:18:33 InnoDB: highest supported file format is Barracuda.
111213 12:18:33  InnoDB: Waiting for the background threads to start
111213 12:18:34 InnoDB: 1.1.8 started; log sequence number 1621569
111213 12:18:34 [Note] Event Scheduler: Loaded 0 events
111213 12:18:34 [Note] C:\DirtyLion\mysql\bin\mysqld: ready for connections.
Version: '5.5.19'  socket: ''  port: 3306  MySQL Community Server (GPL)
111213 12:19:50 [Note] C:\DirtyLion\mysql\bin\mysqld: Normal shutdown

111213 12:19:50 [Note] Event Scheduler: Purging the queue. 0 events
111213 12:19:50  InnoDB: Starting shutdown...
111213 12:19:51  InnoDB: Shutdown completed; log sequence number 1621569
111213 12:19:51 [Note] C:\DirtyLion\mysql\bin\mysqld: Shutdown complete

111213 12:21:58 [Note] Plugin 'FEDERATED' is disabled.
111213 12:21:58 InnoDB: The InnoDB memory heap is disabled
111213 12:21:58 InnoDB: Mutexes and rw_locks use Windows interlocked functions
111213 12:21:58 InnoDB: Compressed tables use zlib 1.2.3
111213 12:21:58 InnoDB: Initializing buffer pool, size = 128.0M
111213 12:21:58 InnoDB: Completed initialization of buffer pool
111213 12:21:58 InnoDB: highest supported file format is Barracuda.
111213 12:21:58  InnoDB: Waiting for the background threads to start
111213 12:21:59 InnoDB: 1.1.8 started; log sequence number 1621569
111213 12:21:59 [Note] Event Scheduler: Loaded 0 events
111213 12:21:59 [Note] C:\DirtyLion\mysql\bin\mysqld: ready for connections.
Version: '5.5.19'  socket: ''  port: 3306  MySQL Community Server (GPL)
111213 12:23:42 [Note] C:\DirtyLion\mysql\bin\mysqld: Normal shutdown

111213 12:23:42 [Note] Event Scheduler: Purging the queue. 0 events
111213 12:23:42  InnoDB: Starting shutdown...
111213 12:23:43  InnoDB: Shutdown completed; log sequence number 1621569
111213 12:23:43 [Note] C:\DirtyLion\mysql\bin\mysqld: Shutdown complete

111213 12:26:04 [Note] Plugin 'FEDERATED' is disabled.
111213 12:26:04 InnoDB: The InnoDB memory heap is disabled
111213 12:26:04 InnoDB: Mutexes and rw_locks use Windows interlocked functions
111213 12:26:04 InnoDB: Compressed tables use zlib 1.2.3
111213 12:26:04 InnoDB: Initializing buffer pool, size = 128.0M
111213 12:26:04 InnoDB: Completed initialization of buffer pool
111213 12:26:04 InnoDB: highest supported file format is Barracuda.
111213 12:26:05  InnoDB: Waiting for the background threads to start
111213 12:26:06 InnoDB: 1.1.8 started; log sequence number 1621569
111213 12:26:06 [Note] Event Scheduler: Loaded 0 events
111213 12:26:06 [Note] C:\DirtyLion\mysql\bin\mysqld: ready for connections.
Version: '5.5.19'  socket: ''  port: 3306  MySQL Community Server (GPL)
111213 12:26:42 [Note] Plugin 'FEDERATED' is disabled.
111213 12:26:42 InnoDB: The InnoDB memory heap is disabled
111213 12:26:42 InnoDB: Mutexes and rw_locks use Windows interlocked functions
111213 12:26:42 InnoDB: Compressed tables use zlib 1.2.3
111213 12:26:42 InnoDB: Initializing buffer pool, size = 128.0M
111213 12:26:42 InnoDB: Completed initialization of buffer pool
111213 12:26:42  InnoDB: Operating system error number 32 in a file operation.
InnoDB: The error means that another program is using InnoDB's files.
InnoDB: This might be a backup or antivirus software or another instance
InnoDB: of MySQL. Please close it to get rid of this error.
111213 12:26:52  InnoDB: Operating system error number 32 in a file operation.
InnoDB: The error means that another program is using InnoDB's files.
InnoDB: This might be a backup or antivirus software or another instance
InnoDB: of MySQL. Please close it to get rid of this error.
111213 12:28:08 [Note] Plugin 'FEDERATED' is disabled.
111213 12:28:08 InnoDB: The InnoDB memory heap is disabled
111213 12:28:08 InnoDB: Mutexes and rw_locks use Windows interlocked functions
111213 12:28:08 InnoDB: Compressed tables use zlib 1.2.3
111213 12:28:08 InnoDB: Initializing buffer pool, size = 128.0M
111213 12:28:08 InnoDB: Completed initialization of buffer pool
111213 12:28:08 InnoDB: highest supported file format is Barracuda.
111213 12:28:09  InnoDB: Waiting for the background threads to start
111213 12:28:10 InnoDB: 1.1.8 started; log sequence number 1621569
111213 12:28:10 [Note] Event Scheduler: Loaded 0 events
111213 12:28:10 [Note] C:\DirtyLion\mysql\bin\mysqld: ready for connections.
Version: '5.5.19'  socket: ''  port: 3306  MySQL Community Server (GPL)
111213 12:49:28 [Note] Plugin 'FEDERATED' is disabled.
111213 12:49:28 InnoDB: The InnoDB memory heap is disabled
111213 12:49:28 InnoDB: Mutexes and rw_locks use Windows interlocked functions
111213 12:49:28 InnoDB: Compressed tables use zlib 1.2.3
111213 12:49:28 InnoDB: Initializing buffer pool, size = 128.0M
111213 12:49:28 InnoDB: Completed initialization of buffer pool
111213 12:49:28  InnoDB: Operating system error number 32 in a file operation.
InnoDB: The error means that another program is using InnoDB's files.
InnoDB: This might be a backup or antivirus software or another instance
InnoDB: of MySQL. Please close it to get rid of this error.
111213 12:56:24 [Note] C:\DirtyLion\mysql\bin\mysqld: Normal shutdown

111213 12:56:24 [Note] Event Scheduler: Purging the queue. 0 events
111213 12:56:24  InnoDB: Starting shutdown...
111213 12:56:25  InnoDB: Shutdown completed; log sequence number 1621569
111213 12:56:25 [Note] C:\DirtyLion\mysql\bin\mysqld: Shutdown complete

111213 12:58:22 [Note] Plugin 'FEDERATED' is disabled.
111213 12:58:22 InnoDB: The InnoDB memory heap is disabled
111213 12:58:22 InnoDB: Mutexes and rw_locks use Windows interlocked functions
111213 12:58:22 InnoDB: Compressed tables use zlib 1.2.3
111213 12:58:22 InnoDB: Initializing buffer pool, size = 128.0M
111213 12:58:22 InnoDB: Completed initialization of buffer pool
111213 12:58:22 InnoDB: highest supported file format is Barracuda.
111213 12:58:22  InnoDB: Waiting for the background threads to start
111213 12:58:23 InnoDB: 1.1.8 started; log sequence number 1621569
111213 12:58:23 [Note] Event Scheduler: Loaded 0 events
111213 12:58:23 [Note] mysql\bin\mysqld.exe: ready for connections.
Version: '5.5.19'  socket: ''  port: 3306  MySQL Community Server (GPL)
111213 12:58:35 [Note] mysql\bin\mysqld.exe: Normal shutdown

111213 12:58:35 [Note] Event Scheduler: Purging the queue. 0 events
111213 12:58:35  InnoDB: Starting shutdown...
111213 12:58:35  InnoDB: Shutdown completed; log sequence number 1621569
111213 12:58:35 [Note] mysql\bin\mysqld.exe: Shutdown complete

111213 12:59:19 [Note] Plugin 'FEDERATED' is disabled.
111213 12:59:19 InnoDB: The InnoDB memory heap is disabled
111213 12:59:19 InnoDB: Mutexes and rw_locks use Windows interlocked functions
111213 12:59:19 InnoDB: Compressed tables use zlib 1.2.3
111213 12:59:19 InnoDB: Initializing buffer pool, size = 128.0M
111213 12:59:19 InnoDB: Completed initialization of buffer pool
111213 12:59:19 InnoDB: highest supported file format is Barracuda.
111213 12:59:19  InnoDB: Waiting for the background threads to start
111213 12:59:20 InnoDB: 1.1.8 started; log sequence number 1621569
111213 12:59:21 [Note] Event Scheduler: Loaded 0 events
111213 12:59:21 [Note] mysql\bin\mysqld.exe: ready for connections.
Version: '5.5.19'  socket: ''  port: 3306  MySQL Community Server (GPL)
111213 12:59:26 [Note] mysql\bin\mysqld.exe: Normal shutdown

111213 12:59:26 [Note] Event Scheduler: Purging the queue. 0 events
111213 12:59:26  InnoDB: Starting shutdown...
111213 12:59:27  InnoDB: Shutdown completed; log sequence number 1621569
111213 12:59:27 [Note] mysql\bin\mysqld.exe: Shutdown complete

111213 12:59:38 [Note] Plugin 'FEDERATED' is disabled.
111213 12:59:38 InnoDB: The InnoDB memory heap is disabled
111213 12:59:38 InnoDB: Mutexes and rw_locks use Windows interlocked functions
111213 12:59:38 InnoDB: Compressed tables use zlib 1.2.3
111213 12:59:38 InnoDB: Initializing buffer pool, size = 128.0M
111213 12:59:38 InnoDB: Completed initialization of buffer pool
111213 12:59:38 InnoDB: highest supported file format is Barracuda.
111213 12:59:38  InnoDB: Waiting for the background threads to start
111213 12:59:39 InnoDB: 1.1.8 started; log sequence number 1621569
111213 12:59:40 [Note] Event Scheduler: Loaded 0 events
111213 12:59:40 [Note] mysql\bin\mysqld.exe: ready for connections.
Version: '5.5.19'  socket: ''  port: 3306  MySQL Community Server (GPL)
111213 13:00:21 [Note] mysql\bin\mysqld.exe: Normal shutdown

111213 13:00:21 [Note] Event Scheduler: Purging the queue. 0 events
111213 13:00:21  InnoDB: Starting shutdown...
111213 13:00:22  InnoDB: Shutdown completed; log sequence number 1621569
111213 13:00:22 [Note] mysql\bin\mysqld.exe: Shutdown complete

111213 13:03:18 [Note] Plugin 'FEDERATED' is disabled.
111213 13:03:18 InnoDB: The InnoDB memory heap is disabled
111213 13:03:18 InnoDB: Mutexes and rw_locks use Windows interlocked functions
111213 13:03:18 InnoDB: Compressed tables use zlib 1.2.3
111213 13:03:18 InnoDB: Initializing buffer pool, size = 128.0M
111213 13:03:18 InnoDB: Completed initialization of buffer pool
111213 13:03:18 InnoDB: highest supported file format is Barracuda.
111213 13:03:19  InnoDB: Waiting for the background threads to start
111213 13:03:20 InnoDB: 1.1.8 started; log sequence number 1621569
111213 13:03:21 [Note] Event Scheduler: Loaded 0 events
111213 13:03:21 [Note] mysql\bin\mysqld.exe: ready for connections.
Version: '5.5.19'  socket: ''  port: 3306  MySQL Community Server (GPL)
111213 13:10:37 [Note] Plugin 'FEDERATED' is disabled.
111213 13:10:37 InnoDB: The InnoDB memory heap is disabled
111213 13:10:37 InnoDB: Mutexes and rw_locks use Windows interlocked functions
111213 13:10:37 InnoDB: Compressed tables use zlib 1.2.3
111213 13:10:37 InnoDB: Initializing buffer pool, size = 128.0M
111213 13:10:37 InnoDB: Completed initialization of buffer pool
111213 13:10:37  InnoDB: Operating system error number 32 in a file operation.
InnoDB: The error means that another program is using InnoDB's files.
InnoDB: This might be a backup or antivirus software or another instance
InnoDB: of MySQL. Please close it to get rid of this error.
111213 13:10:47  InnoDB: Operating system error number 32 in a file operation.
InnoDB: The error means that another program is using InnoDB's files.
InnoDB: This might be a backup or antivirus software or another instance
InnoDB: of MySQL. Please close it to get rid of this error.
111213 13:10:57 InnoDB: highest supported file format is Barracuda.
111213 13:10:58  InnoDB: Waiting for the background threads to start
111213 13:10:59 InnoDB: 1.1.8 started; log sequence number 1621569
111213 13:10:59 [Note] Event Scheduler: Loaded 0 events
111213 13:10:59 [Note] mysql\bin\mysqld.exe: ready for connections.
Version: '5.5.19'  socket: ''  port: 3306  MySQL Community Server (GPL)
111213 13:11:06 [Note] Plugin 'FEDERATED' is disabled.
111213 13:11:06 InnoDB: The InnoDB memory heap is disabled
111213 13:11:06 InnoDB: Mutexes and rw_locks use Windows interlocked functions
111213 13:11:06 InnoDB: Compressed tables use zlib 1.2.3
111213 13:11:06 InnoDB: Initializing buffer pool, size = 128.0M
111213 13:11:06 InnoDB: Completed initialization of buffer pool
111213 13:11:06 InnoDB: highest supported file format is Barracuda.
111213 13:11:07  InnoDB: Waiting for the background threads to start
111213 13:11:08 InnoDB: 1.1.8 started; log sequence number 1621569
111213 13:11:08 [Note] Event Scheduler: Loaded 0 events
111213 13:11:08 [Note] mysql\bin\mysqld.exe: ready for connections.
Version: '5.5.19'  socket: ''  port: 3306  MySQL Community Server (GPL)
111213 13:12:18 [Note] mysql\bin\mysqld.exe: Normal shutdown

111213 13:12:18 [Note] Event Scheduler: Purging the queue. 0 events
111213 13:12:18  InnoDB: Starting shutdown...
111213 13:12:19  InnoDB: Shutdown completed; log sequence number 1621569
111213 13:12:19 [Note] mysql\bin\mysqld.exe: Shutdown complete

111213 13:14:35 [Note] Plugin 'FEDERATED' is disabled.
111213 13:14:35 InnoDB: The InnoDB memory heap is disabled
111213 13:14:35 InnoDB: Mutexes and rw_locks use Windows interlocked functions
111213 13:14:35 InnoDB: Compressed tables use zlib 1.2.3
111213 13:14:35 InnoDB: Initializing buffer pool, size = 128.0M
111213 13:14:35 InnoDB: Completed initialization of buffer pool
111213 13:14:35 InnoDB: highest supported file format is Barracuda.
111213 13:14:35  InnoDB: Waiting for the background threads to start
111213 13:14:36 InnoDB: 1.1.8 started; log sequence number 1621569
111213 13:14:36 [Note] Event Scheduler: Loaded 0 events
111213 13:14:36 [Note] mysql\bin\mysqld.exe: ready for connections.
Version: '5.5.19'  socket: ''  port: 3306  MySQL Community Server (GPL)
111213 13:14:40 [Note] mysql\bin\mysqld.exe: Normal shutdown

111213 13:14:40 [Note] Event Scheduler: Purging the queue. 0 events
111213 13:14:40  InnoDB: Starting shutdown...
111213 13:14:41  InnoDB: Shutdown completed; log sequence number 1621569
111213 13:14:41 [Note] mysql\bin\mysqld.exe: Shutdown complete

111213 13:15:00 [Note] Plugin 'FEDERATED' is disabled.
111213 13:15:00 InnoDB: The InnoDB memory heap is disabled
111213 13:15:00 InnoDB: Mutexes and rw_locks use Windows interlocked functions
111213 13:15:00 InnoDB: Compressed tables use zlib 1.2.3
111213 13:15:00 InnoDB: Initializing buffer pool, size = 128.0M
111213 13:15:01 InnoDB: Completed initialization of buffer pool
111213 13:15:01 InnoDB: highest supported file format is Barracuda.
111213 13:15:01  InnoDB: Waiting for the background threads to start
111213 13:15:02 InnoDB: 1.1.8 started; log sequence number 1621569
111213 13:15:02 [Note] Event Scheduler: Loaded 0 events
111213 13:15:02 [Note] mysql\bin\mysqld.exe: ready for connections.
Version: '5.5.19'  socket: ''  port: 3306  MySQL Community Server (GPL)
111213 13:15:10 [Note] mysql\bin\mysqld.exe: Normal shutdown

111213 13:15:10 [Note] Event Scheduler: Purging the queue. 0 events
111213 13:15:10  InnoDB: Starting shutdown...
111213 13:15:11  InnoDB: Shutdown completed; log sequence number 1621569
111213 13:15:11 [Note] mysql\bin\mysqld.exe: Shutdown complete

111213 15:07:35 [Note] Plugin 'FEDERATED' is disabled.
111213 15:07:35 InnoDB: The InnoDB memory heap is disabled
111213 15:07:35 InnoDB: Mutexes and rw_locks use Windows interlocked functions
111213 15:07:35 InnoDB: Compressed tables use zlib 1.2.3
111213 15:07:35 InnoDB: Initializing buffer pool, size = 128.0M
111213 15:07:35 InnoDB: Completed initialization of buffer pool
111213 15:07:36 InnoDB: highest supported file format is Barracuda.
111213 15:07:36  InnoDB: Waiting for the background threads to start
111213 15:07:37 InnoDB: 1.1.8 started; log sequence number 1621569
111213 15:07:37 [Note] Event Scheduler: Loaded 0 events
111213 15:07:37 [Note] mysqld: ready for connections.
Version: '5.5.19'  socket: ''  port: 3306  MySQL Community Server (GPL)
